<?xml version="1.0" encoding="UTF-8"?>
<!-- Generated by org.testng.reporters.JUnitXMLReporter -->
<testsuite hostname="Eman-hamzawy" ignored="8" name="Test" tests="15" failures="0" timestamp="2022-04-29T07:55:46 EET" time="94.598" errors="0">
  <testcase name="NavigateToAuthPage" time="4.309" classname="Tests.CreateAnAccountTest"/>
  <testcase name="setMailAdd" time="3.221" classname="Tests.CreateAnAccountTest"/>
  <testcase name="Registration" time="24.304" classname="Tests.CreateAnAccountTest"/>
  <testcase name="logOut" time="3.326" classname="Tests.CreateAnAccountTest"/>
  <testcase name="NavigateToAuthPage" time="2.839" classname="Tests.AuthenticationTest"/>
  <testcase name="AuthenticateAsNewUser" time="7.149" classname="Tests.AuthenticationTest"/>
  <testcase name="navigateToSubcategory" time="5.114" classname="Tests.AddProductToCartTest"/>
  <testcase name="addProductToCart" time="4.876" classname="Tests.AddProductToCartTest"/>
  <testcase name="proceedToCheckoutFromCart" time="2.301" classname="Tests.CheckoutProcedureTest"/>
  <testcase name="NavigateToCheckout" time="3.272" classname="Tests.CheckoutProcedureTest"/>
  <testcase name="ProceedCheckoutFromAddress" time="2.038" classname="Tests.CheckoutProcedureTest"/>
  <testcase name="ProceedCheckoutFromShipping" time="2.602" classname="Tests.CheckoutProcedureTest"/>
  <testcase name="payBankWire" time="1.803" classname="Tests.CheckoutProcedureTest"/>
  <testcase name="cofirmMyOrder" time="2.729" classname="Tests.CheckoutProcedureTest"/>
  <testcase name="getOrderRef" time="2.68" classname="Tests.OrderHistoryTest"/>
  <testcase name="@BeforeTest startDriver" time="0.0" classname="Tests.TestBase">
    <ignored/>
  </testcase> <!-- @BeforeTest startDriver -->
  <testcase name="@BeforeTest startDriver" time="0.0" classname="Tests.TestBase">
    <ignored/>
  </testcase> <!-- @BeforeTest startDriver -->
  <testcase name="@BeforeTest startDriver" time="0.0" classname="Tests.TestBase">
    <ignored/>
  </testcase> <!-- @BeforeTest startDriver -->
  <testcase name="@BeforeTest startDriver" time="0.0" classname="Tests.TestBase">
    <ignored/>
  </testcase> <!-- @BeforeTest startDriver -->
  <testcase name="@AfterTest tearDown" time="0.0" classname="Tests.TestBase">
    <ignored/>
  </testcase> <!-- @AfterTest tearDown -->
  <testcase name="@AfterTest tearDown" time="0.0" classname="Tests.TestBase">
    <ignored/>
  </testcase> <!-- @AfterTest tearDown -->
  <testcase name="@AfterTest tearDown" time="0.0" classname="Tests.TestBase">
    <ignored/>
  </testcase> <!-- @AfterTest tearDown -->
  <testcase name="@AfterTest tearDown" time="0.0" classname="Tests.TestBase">
    <ignored/>
  </testcase> <!-- @AfterTest tearDown -->
</testsuite> <!-- Test -->
